<?xml version="1.0" encoding="UTF-8"?>
<!-- Generated by org.testng.reporters.JUnitReportReporter -->
<testsuite skipped="0" hostname="DCKAQOC-016" name="com.testautomation.mobile.scripts.PageObjectTestCase_VD" tests="1" failures="0" timestamp="2023-01-23T18:10:52 IST" time="38.273" errors="0">
  <testcase name="pageObjectTestCase_VD" time="38.273" classname="com.testautomation.mobile.scripts.PageObjectTestCase_VD"/>
  <system-out/>
</testsuite> <!-- com.testautomation.mobile.scripts.PageObjectTestCase_VD -->
