<?xml version="1.0" encoding="UTF-8"?>
<!-- Generated by org.testng.reporters.JUnitReportReporter -->
<testsuite skipped="0" hostname="DCKAQOC-016" name="com.testautomation.mobile.scripts.PageObjectTestCase" tests="1" failures="0" timestamp="2023-01-27T11:12:55 IST" time="41.410" errors="0">
  <testcase name="pageObjectTestCase" time="41.410" classname="com.testautomation.mobile.scripts.PageObjectTestCase"/>
  <system-out/>
</testsuite> <!-- com.testautomation.mobile.scripts.PageObjectTestCase -->
