<?xml version="1.0" encoding="UTF-8"?>
<!-- Generated by org.testng.reporters.JUnitReportReporter -->
<testsuite skipped="0" hostname="DCKAQOC-016" name="AppiumTests.AddContacts_2701" tests="1" failures="0" timestamp="2023-01-27T17:46:44 IST" time="77.397" errors="0">
  <testcase name="main" time="77.397" classname="AppiumTests.AddContacts_2701"/>
  <system-out/>
</testsuite> <!-- AppiumTests.AddContacts_2701 -->
